{"ts":"2026-01-17T06:57:45.981Z","type":"AUDIT","severity":"INFO","user":"admin","role":"admin","action":"LOGIN","code":null,"message":"User logged in","meta":{}}
{"ts":"2026-01-17T07:00:33.775Z","type":"AUDIT","severity":"INFO","user":"admin","role":"admin","action":"LOGIN","code":null,"message":"User logged in","meta":{}}
{"ts":"2026-01-17T07:00:44.635Z","type":"AUDIT","severity":"INFO","user":"admin","role":"admin","action":"START_PLC","code":null,"message":"PLC start requested","meta":{}}
{"ts":"2026-01-17T07:01:05.946Z","type":"AUDIT","severity":"INFO","user":"admin","role":"admin","action":"STOP_PLC","code":null,"message":"PLC stop requested","meta":{}}
{"ts":"2026-01-17T07:01:05.946Z","type":"ALARM","severity":"INFO","user":"system","role":"system","action":null,"code":"PLC_STOPPED_MANUAL","message":"PLC stopped by operator","meta":{}}
{"ts":"2026-01-17T07:09:25.400Z","type":"AUDIT","severity":"INFO","user":"admin","role":"admin","action":"START_PLC","code":null,"message":"PLC start requested","meta":{}}
{"ts":"2026-01-17T07:09:36.926Z","type":"AUDIT","severity":"INFO","user":"admin","role":"admin","action":"STOP_PLC","code":null,"message":"PLC stop requested","meta":{}}
{"ts":"2026-01-17T07:18:54.326Z","type":"AUDIT","severity":"INFO","user":"admin","role":"admin","action":"LOGIN","code":null,"message":"User logged in","meta":{}}
{"ts":"2026-01-17T07:25:43.886Z","type":"AUDIT","severity":"INFO","user":"admin","role":"admin","action":"START_PLC","code":null,"message":"PLC start requested","meta":{}}
{"ts":"2026-01-17T07:26:00.229Z","type":"ALARM","severity":"INFO","user":"system","role":"system","action":null,"code":"PLC_STOPPED_MANUAL","message":"PLC stopped by operator","meta":{}}
{"ts":"2026-01-17T07:26:00.229Z","type":"AUDIT","severity":"INFO","user":"admin","role":"admin","action":"STOP_PLC","code":null,"message":"PLC stop requested","meta":{}}
{"ts":"2026-01-17T07:29:24.071Z","type":"AUDIT","severity":"INFO","user":"admin","role":"admin","action":"START_PLC","code":null,"message":"PLC start requested","meta":{}}
{"ts":"2026-01-17T07:29:41.455Z","type":"AUDIT","severity":"INFO","user":"admin","role":"admin","action":"STOP_PLC","code":null,"message":"PLC stop requested","meta":{}}
{"ts":"2026-01-17T07:29:57.665Z","type":"AUDIT","severity":"INFO","user":"admin","role":"admin","action":"START_PLC","code":null,"message":"PLC start requested","meta":{}}
{"ts":"2026-01-17T07:30:00.647Z","type":"AUDIT","severity":"INFO","user":"admin","role":"admin","action":"STOP_PLC","code":null,"message":"PLC stop requested","meta":{}}
{"ts":"2026-01-17T07:30:17.584Z","type":"AUDIT","severity":"INFO","user":"admin","role":"admin","action":"START_PLC","code":null,"message":"PLC start requested","meta":{}}
{"ts":"2026-01-17T07:30:21.481Z","type":"AUDIT","severity":"INFO","user":"admin","role":"admin","action":"STOP_PLC","code":null,"message":"PLC stop requested","meta":{}}
{"ts":"2026-01-17T07:41:52.240Z","type":"AUDIT","severity":"INFO","user":"admin","role":"admin","action":"START_PLC","code":null,"message":"PLC start requested","meta":{}}
{"ts":"2026-01-17T07:41:56.606Z","type":"AUDIT","severity":"INFO","user":"admin","role":"admin","action":"STOP_PLC","code":null,"message":"PLC stop requested","meta":{}}
{"ts":"2026-01-17T07:47:34.877Z","type":"AUDIT","severity":"INFO","user":"admin","role":"admin","action":"START_PLC","code":null,"message":"PLC start requested","meta":{}}
{"ts":"2026-01-17T07:47:54.872Z","type":"AUDIT","severity":"INFO","user":"admin","role":"admin","action":"STOP_PLC","code":null,"message":"PLC stop requested","meta":{}}
{"ts":"2026-01-17T07:48:57.591Z","type":"AUDIT","severity":"INFO","user":"admin","role":"admin","action":"LOGIN","code":null,"message":"User logged in","meta":{}}
{"ts":"2026-01-17T07:49:08.995Z","type":"AUDIT","severity":"INFO","user":"admin","role":"admin","action":"START_PLC","code":null,"message":"PLC start requested","meta":{}}
{"ts":"2026-01-17T07:49:15.754Z","type":"ALARM","severity":"INFO","user":"system","role":"system","action":null,"code":"PLC_STOPPED_MANUAL","message":"PLC stopped by operator","meta":{}}
{"ts":"2026-01-17T07:49:15.755Z","type":"AUDIT","severity":"INFO","user":"admin","role":"admin","action":"STOP_PLC","code":null,"message":"PLC stop requested","meta":{}}
{"ts":"2026-01-17T07:57:54.305Z","type":"AUDIT","severity":"INFO","user":"admin","role":"admin","action":"LOGIN","code":null,"message":"User logged in","meta":{}}
{"ts":"2026-01-17T08:00:14.563Z","type":"AUDIT","severity":"INFO","user":"operator","role":"operator","action":"LOGIN","code":null,"message":"User logged in","meta":{}}
{"ts":"2026-01-17T08:00:28.862Z","type":"AUDIT","severity":"INFO","user":"admin","role":"admin","action":"LOGIN","code":null,"message":"User logged in","meta":{}}
{"ts":"2026-01-17T08:00:34.277Z","type":"AUDIT","severity":"INFO","user":"admin","role":"admin","action":"START_PLC","code":null,"message":"PLC start requested","meta":{}}
{"ts":"2026-01-17T08:00:48.077Z","type":"AUDIT","severity":"INFO","user":"admin","role":"admin","action":"STOP_PLC","code":null,"message":"PLC stop requested","meta":{}}
{"ts":"2026-01-17T08:00:48.077Z","type":"ALARM","severity":"INFO","user":"system","role":"system","action":null,"code":"PLC_STOPPED_MANUAL","message":"PLC stopped by operator","meta":{}}
{"ts":"2026-01-17T08:21:20.571Z","type":"AUDIT","severity":"INFO","user":"admin","role":"admin","action":"LOGIN","code":null,"message":"User logged in","meta":{}}
{"ts":"2026-01-17T08:21:59.170Z","type":"AUDIT","severity":"INFO","user":"operator","role":"operator","action":"LOGIN","code":null,"message":"User logged in","meta":{}}
{"ts":"2026-01-17T08:25:51.905Z","type":"AUDIT","severity":"INFO","user":"admin","role":"admin","action":"LOGIN","code":null,"message":"User logged in","meta":{}}
{"ts":"2026-01-17T08:30:40.550Z","type":"AUDIT","severity":"INFO","user":"admin","role":"admin","action":"LOGIN","code":null,"message":"User logged in","meta":{}}
{"ts":"2026-01-17T08:30:52.309Z","type":"AUDIT","severity":"INFO","user":"admin","role":"admin","action":"START_PLC","code":null,"message":"PLC start requested","meta":{}}
{"ts":"2026-01-17T08:31:03.298Z","type":"ALARM","severity":"INFO","user":"system","role":"system","action":null,"code":"PLC_STOPPED_MANUAL","message":"PLC stopped by operator","meta":{}}
{"ts":"2026-01-17T08:31:03.298Z","type":"AUDIT","severity":"INFO","user":"admin","role":"admin","action":"STOP_PLC","code":null,"message":"PLC stop requested","meta":{}}
{"ts":"2026-01-17T08:31:56.966Z","type":"AUDIT","severity":"INFO","user":"admin","role":"admin","action":"LOGIN","code":null,"message":"User logged in","meta":{}}
{"ts":"2026-01-17T08:32:02.690Z","type":"AUDIT","severity":"INFO","user":"admin","role":"admin","action":"START_PLC","code":null,"message":"PLC start requested","meta":{}}
{"ts":"2026-01-17T08:32:05.178Z","type":"ALARM","severity":"INFO","user":"system","role":"system","action":null,"code":"PLC_STOPPED_MANUAL","message":"PLC stopped by operator","meta":{}}
{"ts":"2026-01-17T08:32:05.178Z","type":"AUDIT","severity":"INFO","user":"admin","role":"admin","action":"STOP_PLC","code":null,"message":"PLC stop requested","meta":{}}
{"ts":"2026-01-17T08:32:28.864Z","type":"AUDIT","severity":"INFO","user":"operator","role":"operator","action":"LOGIN","code":null,"message":"User logged in","meta":{}}
{"ts":"2026-01-17T08:33:53.845Z","type":"AUDIT","severity":"INFO","user":"admin","role":"admin","action":"LOGIN","code":null,"message":"User logged in","meta":{}}
{"ts":"2026-01-17T08:34:00.874Z","type":"AUDIT","severity":"INFO","user":"admin","role":"admin","action":"START_PLC","code":null,"message":"PLC start requested","meta":{}}
{"ts":"2026-01-17T08:34:05.746Z","type":"ALARM","severity":"INFO","user":"system","role":"system","action":null,"code":"PLC_STOPPED_MANUAL","message":"PLC stopped by operator","meta":{}}
{"ts":"2026-01-17T08:34:05.746Z","type":"AUDIT","severity":"INFO","user":"admin","role":"admin","action":"STOP_PLC","code":null,"message":"PLC stop requested","meta":{}}
{"ts":"2026-01-17T08:43:09.753Z","type":"AUDIT","severity":"INFO","user":"admin","role":"admin","action":"LOGIN","code":null,"message":"User logged in","meta":{}}
{"ts":"2026-01-17T08:54:43.548Z","type":"AUDIT","severity":"INFO","user":"admin","role":"admin","action":"LOGIN","code":null,"message":"User logged in","meta":{}}
{"ts":"2026-01-17T08:54:55.812Z","type":"AUDIT","severity":"INFO","user":"admin","role":"admin","action":"START_PLC","code":null,"message":"PLC start requested","meta":{}}
{"ts":"2026-01-17T08:55:00.263Z","type":"ALARM","severity":"INFO","user":"system","role":"system","action":null,"code":"PLC_STOPPED_MANUAL","message":"PLC stopped by operator","meta":{}}
{"ts":"2026-01-17T08:55:00.263Z","type":"AUDIT","severity":"INFO","user":"admin","role":"admin","action":"STOP_PLC","code":null,"message":"PLC stop requested","meta":{}}
{"ts":"2026-01-17T08:55:58.858Z","type":"AUDIT","severity":"INFO","user":"admin","role":"admin","action":"LOGIN","code":null,"message":"User logged in","meta":{}}
{"ts":"2026-01-17T08:56:22.047Z","type":"AUDIT","severity":"INFO","user":"admin","role":"admin","action":"START_PLC","code":null,"message":"PLC start requested","meta":{}}
{"ts":"2026-01-17T08:56:23.391Z","type":"ALARM","severity":"INFO","user":"system","role":"system","action":null,"code":"PLC_STOPPED_MANUAL","message":"PLC stopped by operator","meta":{}}
{"ts":"2026-01-17T08:56:23.391Z","type":"AUDIT","severity":"INFO","user":"admin","role":"admin","action":"STOP_PLC","code":null,"message":"PLC stop requested","meta":{}}
{"ts":"2026-01-17T08:56:26.927Z","type":"AUDIT","severity":"INFO","user":"admin","role":"operator","action":"ACK_ALARM","code":"PLC_STOPPED_MANUAL","message":"Alarm acknowledged","meta":{}}
{"ts":"2026-01-17T08:57:37.921Z","type":"AUDIT","severity":"INFO","user":"admin","role":"admin","action":"LOGIN","code":null,"message":"User logged in","meta":{}}
{"ts":"2026-01-17T08:57:41.952Z","type":"AUDIT","severity":"INFO","user":"admin","role":"admin","action":"START_PLC","code":null,"message":"PLC start requested","meta":{}}
{"ts":"2026-01-17T08:57:46.081Z","type":"ALARM","severity":"INFO","user":"system","role":"system","action":null,"code":"PLC_STOPPED_MANUAL","message":"PLC stopped by operator","meta":{}}
{"ts":"2026-01-17T08:57:46.081Z","type":"AUDIT","severity":"INFO","user":"admin","role":"admin","action":"STOP_PLC","code":null,"message":"PLC stop requested","meta":{}}
{"ts":"2026-01-17T08:57:50.641Z","type":"AUDIT","severity":"INFO","user":"admin","role":"operator","action":"ACK_ALARM","code":"PLC_STOPPED_MANUAL","message":"Alarm acknowledged","meta":{}}
{"ts":"2026-01-17T08:58:36.504Z","type":"AUDIT","severity":"INFO","user":"operator","role":"operator","action":"LOGIN","code":null,"message":"User logged in","meta":{}}
{"ts":"2026-01-17T08:59:03.441Z","type":"AUDIT","severity":"INFO","user":"admin","role":"admin","action":"LOGIN","code":null,"message":"User logged in","meta":{}}
{"ts":"2026-01-17T08:59:13.177Z","type":"AUDIT","severity":"INFO","user":"admin","role":"admin","action":"START_PLC","code":null,"message":"PLC start requested","meta":{}}
{"ts":"2026-01-17T08:59:20.337Z","type":"AUDIT","severity":"INFO","user":"admin","role":"admin","action":"STOP_PLC","code":null,"message":"PLC stop requested","meta":{}}
{"ts":"2026-01-17T09:01:09.580Z","type":"AUDIT","severity":"INFO","user":"admin","role":"admin","action":"WRITE_PLC_TAG","code":null,"message":"PLC tag write requested","meta":{}}
{"ts":"2026-01-17T09:03:58.705Z","type":"AUDIT","severity":"INFO","user":"operator","role":"operator","action":"LOGIN","code":null,"message":"User logged in","meta":{}}
{"ts":"2026-01-17T09:04:21.847Z","type":"AUDIT","severity":"INFO","user":"admin","role":"admin","action":"LOGIN","code":null,"message":"User logged in","meta":{}}
{"ts":"2026-01-17T09:04:59.102Z","type":"AUDIT","severity":"INFO","user":"operator","role":"operator","action":"LOGIN","code":null,"message":"User logged in","meta":{}}
{"ts":"2026-01-17T09:05:11.302Z","type":"AUDIT","severity":"INFO","user":"admin","role":"admin","action":"START_PLC","code":null,"message":"PLC start requested","meta":{}}
{"ts":"2026-01-17T09:05:13.307Z","type":"AUDIT","severity":"INFO","user":"admin","role":"admin","action":"WRITE_PLC_TAG","code":null,"message":"PLC tag write requested","meta":{}}
{"ts":"2026-01-17T09:05:18.368Z","type":"ALARM","severity":"INFO","user":"system","role":"system","action":null,"code":"PLC_STOPPED_MANUAL","message":"PLC stopped by operator","meta":{}}
{"ts":"2026-01-17T09:05:18.368Z","type":"AUDIT","severity":"INFO","user":"admin","role":"admin","action":"STOP_PLC","code":null,"message":"PLC stop requested","meta":{}}
{"ts":"2026-01-17T09:05:28.523Z","type":"AUDIT","severity":"INFO","user":"operator","role":"operator","action":"ACK_ALARM","code":"PLC_STOPPED_MANUAL","message":"Alarm acknowledged","meta":{}}
{"ts":"2026-01-17T09:10:22.602Z","type":"AUDIT","severity":"INFO","user":"admin","role":"admin","action":"LOGIN","code":null,"message":"User logged in","meta":{}}
{"ts":"2026-01-17T09:10:27.593Z","type":"AUDIT","severity":"INFO","user":"admin","role":"admin","action":"START_PLC","code":null,"message":"PLC start requested","meta":{}}
{"ts":"2026-01-17T09:10:29.641Z","type":"ALARM","severity":"INFO","user":"system","role":"system","action":null,"code":"PLC_STOPPED_MANUAL","message":"PLC stopped by operator","meta":{}}
{"ts":"2026-01-17T09:10:29.641Z","type":"AUDIT","severity":"INFO","user":"admin","role":"admin","action":"STOP_PLC","code":null,"message":"PLC stop requested","meta":{}}
{"ts":"2026-01-17T09:10:29.745Z","type":"ALARM","severity":"INFO","user":"system","role":"system","action":null,"code":"PLC_RECOVERED","message":"PLC heartbeat restored","meta":{}}
{"ts":"2026-01-17T09:16:00.641Z","type":"AUDIT","severity":"INFO","user":"admin","role":"admin","action":"START_PLC","code":null,"message":"PLC start requested","meta":{}}
{"ts":"2026-01-17T09:16:05.057Z","type":"AUDIT","severity":"INFO","user":"admin","role":"admin","action":"STOP_PLC","code":null,"message":"PLC stop requested","meta":{}}
{"ts":"2026-01-17T09:16:05.057Z","type":"ALARM","severity":"INFO","user":"system","role":"system","action":null,"code":"PLC_STOPPED_MANUAL","message":"PLC stopped by operator","meta":{}}
{"ts":"2026-01-17T09:16:11.784Z","type":"AUDIT","severity":"INFO","user":"admin","role":"operator","action":"ACK_ALARM","code":"PLC_STOPPED_MANUAL","message":"Alarm acknowledged","meta":{}}
{"ts":"2026-01-17T09:16:22.388Z","type":"AUDIT","severity":"INFO","user":"admin","role":"admin","action":"START_PLC","code":null,"message":"PLC start requested","meta":{}}
{"ts":"2026-01-17T09:16:24.604Z","type":"AUDIT","severity":"INFO","user":"admin","role":"admin","action":"STOP_PLC","code":null,"message":"PLC stop requested","meta":{}}
{"ts":"2026-01-17T09:16:45.369Z","type":"AUDIT","severity":"INFO","user":"admin","role":"admin","action":"LOGIN","code":null,"message":"User logged in","meta":{}}
{"ts":"2026-01-17T09:17:15.663Z","type":"AUDIT","severity":"INFO","user":"admin","role":"admin","action":"LOGIN","code":null,"message":"User logged in","meta":{}}
{"ts":"2026-01-17T09:23:29.240Z","type":"AUDIT","severity":"INFO","user":"operator","role":"operator","action":"LOGIN","code":null,"message":"User logged in","meta":{}}
{"ts":"2026-01-17T09:23:40.676Z","type":"AUDIT","severity":"INFO","user":"operator","role":"operator","action":"ACK_ALARM","code":"PLC_RECOVERED","message":"Alarm acknowledged","meta":{}}
{"ts":"2026-01-17T09:23:43.572Z","type":"AUDIT","severity":"INFO","user":"admin","role":"admin","action":"START_PLC","code":null,"message":"PLC start requested","meta":{}}
{"ts":"2026-01-17T09:25:56.009Z","type":"AUDIT","severity":"INFO","user":"admin","role":"operator","action":"ACK_ALARM","code":"PLC_STOPPED_MANUAL","message":"Alarm acknowledged","meta":{}}
{"ts":"2026-01-17T09:25:59.988Z","type":"AUDIT","severity":"INFO","user":"admin","role":"admin","action":"STOP_PLC","code":null,"message":"PLC stop requested","meta":{}}
{"ts":"2026-01-17T09:26:45.308Z","type":"ALARM","severity":"ERROR","user":"system","role":"system","action":null,"code":"PLC_DISCONNECTED","message":"Lost connection to Python PLC service","meta":{}}
{"ts":"2026-01-19T03:39:19.160Z","type":"AUDIT","severity":"INFO","user":"unknown","role":"operator","action":"LOGIN","code":null,"message":"User logged in","meta":{}}
{"ts":"2026-01-19T03:40:06.818Z","type":"AUDIT","severity":"INFO","user":"admin","role":"admin","action":"LOGIN","code":null,"message":"User logged in","meta":{}}
{"ts":"2026-01-19T03:41:39.515Z","type":"AUDIT","severity":"INFO","user":"admin","role":"admin","action":"LOGIN","code":null,"message":"User logged in","meta":{}}
{"ts":"2026-01-19T03:43:11.413Z","type":"AUDIT","severity":"INFO","user":"admin","role":"admin","action":"LOGIN","code":null,"message":"User logged in","meta":{}}
{"ts":"2026-01-19T13:45:28.457Z","type":"AUDIT","severity":"INFO","user":"admin","role":"admin","action":"LOGIN","code":null,"message":"User logged in","meta":{}}
{"ts":"2026-01-19T13:45:33.741Z","type":"AUDIT","severity":"INFO","user":"admin","role":"admin","action":"WRITE_PLC_TAG","code":null,"message":"PLC tag write requested","meta":{}}
{"ts":"2026-01-19T13:45:40.398Z","type":"AUDIT","severity":"INFO","user":"admin","role":"admin","action":"START_PLC","code":null,"message":"PLC start requested","meta":{}}
